<?xml version="1.0" encoding="UTF-8"?>
<testng-results skipped="0" failed="0" ignored="0" total="1" passed="1">
  <reporter-output>
  </reporter-output>
  <suite name="Suite" duration-ms="6991" started-at="2017-03-22T07:34:17Z" finished-at="2017-03-22T07:34:24Z">
    <groups>
    </groups>
    <test name="Test" duration-ms="6991" started-at="2017-03-22T07:34:17Z" finished-at="2017-03-22T07:34:24Z">
      <class name="app1.A">
        <test-method status="PASS" signature="GoogleLogin()[pri:0, instance:app1.A@47c62251]" name="GoogleLogin" duration-ms="6928" started-at="2017-03-22T13:04:18Z" description="Google Login" finished-at="2017-03-22T13:04:24Z">
          <reporter-output>
          </reporter-output>
        </test-method> <!-- GoogleLogin -->
      </class> <!-- app1.A -->
    </test> <!-- Test -->
  </suite> <!-- Suite -->
</testng-results>
